<?xml version="1.0" encoding="UTF-8"?>
<!-- Generated by org.testng.reporters.JUnitXMLReporter -->
<testsuite ignored="5" hostname="LAPTOP-TCIABFM5" failures="0" tests="6" name="Test" time="215.963" errors="0" timestamp="2024-10-23T12:58:42 IST">
  <testcase classname="Testcase.MMBLogin" name="ManageBooking" time="12.691"/>
  <testcase classname="Testcase.MMBChangeDateSelectionmethod" name="selectAEBookingmethod" time="4.93"/>
  <testcase classname="Testcase.MMBFlightResultmethod" name="Flightresult" time="13.092"/>
  <testcase classname="Testcase.MMBChangeFlightAddonmethod" name="ChangeAddonpage" time="44.432"/>
  <testcase classname="Testcase.MMBItinerarymethod" name="VerifyItinerary" time="0.279"/>
  <testcase classname="Testcase.MMBPaymentmethod" name="getPayment" time="140.407"/>
  <testcase classname="UtilityFunction.CommonFuntion" name="@BeforeSuite SelectManage" time="0.0">
    <ignored/>
  </testcase> <!-- @BeforeSuite SelectManage -->
  <testcase classname="UtilityFunction.CommonFuntion" name="@BeforeSuite SelectManage" time="0.0">
    <ignored/>
  </testcase> <!-- @BeforeSuite SelectManage -->
  <testcase classname="UtilityFunction.CommonFuntion" name="@BeforeSuite SelectManage" time="0.0">
    <ignored/>
  </testcase> <!-- @BeforeSuite SelectManage -->
  <testcase classname="UtilityFunction.CommonFuntion" name="@BeforeSuite SelectManage" time="0.0">
    <ignored/>
  </testcase> <!-- @BeforeSuite SelectManage -->
  <testcase classname="UtilityFunction.CommonFuntion" name="@BeforeSuite SelectManage" time="0.0">
    <ignored/>
  </testcase> <!-- @BeforeSuite SelectManage -->
</testsuite> <!-- Test -->
