<?xml version="1.0" encoding="UTF-8"?>
<!-- Generated by org.testng.reporters.JUnitXMLReporter -->
<testsuite ignored="10" hostname="LAPTOP-TCIABFM5" failures="0" tests="6" name="Test" time="195.527" errors="0" timestamp="2024-10-23T18:05:13 IST">
  <testcase classname="Testcase.MMBLogin" name="ManageBooking" time="8.676"/>
  <testcase classname="Testcase.MMBChangeDateSelectionmethod" name="selectAEBookingmethod" time="1.345"/>
  <testcase classname="Testcase.MMBFlightResultmethod" name="Flightresult" time="10.832"/>
  <testcase classname="Testcase.MMBChangeFlightAddonmethod" name="ChangeAddonpage" time="39.308"/>
  <testcase classname="Testcase.MMBItinerarymethod" name="VerifyItinerary" time="0.139"/>
  <testcase classname="Testcase.MMBPaymentmethod" name="getPayment" time="135.144"/>
  <testcase classname="UtilityFunction.CommonFuntion" name="@AfterSuite tearDownReport" time="0.0">
    <ignored/>
  </testcase> <!-- @AfterSuite tearDownReport -->
  <testcase classname="UtilityFunction.CommonFuntion" name="@AfterSuite tearDownReport" time="0.0">
    <ignored/>
  </testcase> <!-- @AfterSuite tearDownReport -->
  <testcase classname="UtilityFunction.CommonFuntion" name="@AfterSuite tearDownReport" time="0.0">
    <ignored/>
  </testcase> <!-- @AfterSuite tearDownReport -->
  <testcase classname="UtilityFunction.CommonFuntion" name="@AfterSuite tearDownReport" time="0.0">
    <ignored/>
  </testcase> <!-- @AfterSuite tearDownReport -->
  <testcase classname="UtilityFunction.CommonFuntion" name="@BeforeSuite SelectManage" time="0.0">
    <ignored/>
  </testcase> <!-- @BeforeSuite SelectManage -->
  <testcase classname="UtilityFunction.CommonFuntion" name="@BeforeSuite SelectManage" time="0.0">
    <ignored/>
  </testcase> <!-- @BeforeSuite SelectManage -->
  <testcase classname="UtilityFunction.CommonFuntion" name="@BeforeSuite SelectManage" time="0.0">
    <ignored/>
  </testcase> <!-- @BeforeSuite SelectManage -->
  <testcase classname="UtilityFunction.CommonFuntion" name="@BeforeSuite SelectManage" time="0.0">
    <ignored/>
  </testcase> <!-- @BeforeSuite SelectManage -->
  <testcase classname="UtilityFunction.CommonFuntion" name="@AfterSuite tearDownReport" time="0.0">
    <ignored/>
  </testcase> <!-- @AfterSuite tearDownReport -->
  <testcase classname="UtilityFunction.CommonFuntion" name="@BeforeSuite SelectManage" time="0.0">
    <ignored/>
  </testcase> <!-- @BeforeSuite SelectManage -->
</testsuite> <!-- Test -->
